<?xml version="1.0" encoding="UTF-8"?>
<!-- Generated by org.testng.reporters.JUnitReportReporter -->
<testsuite hostname="student-virtual-machine" name="ReviewAndInformation.Respository.GoToPlacesRepoTest" tests="4" failures="0" timestamp="21 May 2015 00:12:39 GMT" time="0.536" errors="0">
  <testcase name="testDelete" time="0.046" classname="ReviewAndInformation.Respository.GoToPlacesRepoTest"/>
  <testcase name="testCreate" time="0.228" classname="ReviewAndInformation.Respository.GoToPlacesRepoTest"/>
  <testcase name="testUpdate" time="0.155" classname="ReviewAndInformation.Respository.GoToPlacesRepoTest"/>
  <testcase name="testRead" time="0.107" classname="ReviewAndInformation.Respository.GoToPlacesRepoTest"/>
</testsuite> <!-- ReviewAndInformation.Respository.GoToPlacesRepoTest -->
