<?xml version="1.0" encoding="UTF-8"?>
<!-- Generated by org.testng.reporters.JUnitReportReporter -->
<testsuite hostname="student-virtual-machine" name="ReviewAndInformation.Respository.placeMovieSetRepoTest" tests="4" failures="0" timestamp="21 May 2015 00:12:39 GMT" time="0.058" errors="0">
  <testcase name="testRead" time="0.010" classname="ReviewAndInformation.Respository.placeMovieSetRepoTest"/>
  <testcase name="testCreate" time="0.012" classname="ReviewAndInformation.Respository.placeMovieSetRepoTest"/>
  <testcase name="testUpdate" time="0.016" classname="ReviewAndInformation.Respository.placeMovieSetRepoTest"/>
  <testcase name="testDelete" time="0.020" classname="ReviewAndInformation.Respository.placeMovieSetRepoTest"/>
</testsuite> <!-- ReviewAndInformation.Respository.placeMovieSetRepoTest -->
