<?xml version="1.0" encoding="UTF-8"?>
<!-- Generated by org.testng.reporters.JUnitReportReporter -->
<testsuite hostname="student-virtual-machine" name="ReviewAndInformation.Respository.singerRepoTest" tests="4" failures="0" timestamp="21 May 2015 00:12:39 GMT" time="0.104" errors="0">
  <testcase name="testRead" time="0.006" classname="ReviewAndInformation.Respository.singerRepoTest"/>
  <testcase name="testDelete" time="0.021" classname="ReviewAndInformation.Respository.singerRepoTest"/>
  <testcase name="testUpdate" time="0.021" classname="ReviewAndInformation.Respository.singerRepoTest"/>
  <testcase name="testCreate" time="0.056" classname="ReviewAndInformation.Respository.singerRepoTest"/>
</testsuite> <!-- ReviewAndInformation.Respository.singerRepoTest -->
