<?xml version="1.0" encoding="UTF-8"?>
<!-- Generated by org.testng.reporters.JUnitReportReporter -->
<testsuite hostname="student-virtual-machine" name="ReviewAndInformation.Respository.movieRepoTest" tests="4" failures="0" timestamp="21 May 2015 00:12:39 GMT" time="0.167" errors="0">
  <testcase name="testDelete" time="0.024" classname="ReviewAndInformation.Respository.movieRepoTest"/>
  <testcase name="testCreate" time="0.080" classname="ReviewAndInformation.Respository.movieRepoTest"/>
  <testcase name="testRead" time="0.006" classname="ReviewAndInformation.Respository.movieRepoTest"/>
  <testcase name="testUpdate" time="0.057" classname="ReviewAndInformation.Respository.movieRepoTest"/>
</testsuite> <!-- ReviewAndInformation.Respository.movieRepoTest -->
