<?xml version="1.0" encoding="UTF-8"?>
<!-- Generated by org.testng.reporters.JUnitReportReporter -->
<testsuite hostname="student-virtual-machine" name="ReviewAndInformation.Respository.recordLabelRepoTest" tests="4" failures="0" timestamp="21 May 2015 00:12:39 GMT" time="0.072" errors="0">
  <testcase name="testRead" time="0.008" classname="ReviewAndInformation.Respository.recordLabelRepoTest"/>
  <testcase name="testCreate" time="0.031" classname="ReviewAndInformation.Respository.recordLabelRepoTest"/>
  <testcase name="testUpdate" time="0.014" classname="ReviewAndInformation.Respository.recordLabelRepoTest"/>
  <testcase name="testDelete" time="0.019" classname="ReviewAndInformation.Respository.recordLabelRepoTest"/>
</testsuite> <!-- ReviewAndInformation.Respository.recordLabelRepoTest -->
