<?xml version="1.0" encoding="UTF-8"?>
<!-- Generated by org.testng.reporters.JUnitReportReporter -->
<testsuite hostname="student-virtual-machine" name="ReviewAndInformation.Respository.cityInfoRepoTest" tests="4" failures="0" timestamp="21 May 2015 00:12:39 GMT" time="0.074" errors="0">
  <testcase name="testCreate" time="0.020" classname="ReviewAndInformation.Respository.cityInfoRepoTest"/>
  <testcase name="testRead" time="0.005" classname="ReviewAndInformation.Respository.cityInfoRepoTest"/>
  <testcase name="testUpdate" time="0.027" classname="ReviewAndInformation.Respository.cityInfoRepoTest"/>
  <testcase name="testDelete" time="0.022" classname="ReviewAndInformation.Respository.cityInfoRepoTest"/>
</testsuite> <!-- ReviewAndInformation.Respository.cityInfoRepoTest -->
