<?xml version="1.0" encoding="UTF-8"?>
<!-- Generated by org.testng.reporters.JUnitReportReporter -->
<testsuite hostname="student-virtual-machine" name="ReviewAndInformation.Respository.producerRepoTest" tests="4" failures="0" timestamp="21 May 2015 00:12:39 GMT" time="0.212" errors="0">
  <testcase name="testUpdate" time="0.018" classname="ReviewAndInformation.Respository.producerRepoTest"/>
  <testcase name="testCreate" time="0.169" classname="ReviewAndInformation.Respository.producerRepoTest"/>
  <testcase name="testRead" time="0.006" classname="ReviewAndInformation.Respository.producerRepoTest"/>
  <testcase name="testDelete" time="0.019" classname="ReviewAndInformation.Respository.producerRepoTest"/>
</testsuite> <!-- ReviewAndInformation.Respository.producerRepoTest -->
