<?xml version="1.0" encoding="UTF-8"?>
<!-- Generated by org.testng.reporters.JUnitReportReporter -->
<testsuite hostname="student-virtual-machine" name="ReviewAndInformation.Respository.directorRepoTest" tests="4" failures="0" timestamp="21 May 2015 00:12:39 GMT" time="0.066" errors="0">
  <testcase name="testCreate" time="0.016" classname="ReviewAndInformation.Respository.directorRepoTest"/>
  <testcase name="testRead" time="0.007" classname="ReviewAndInformation.Respository.directorRepoTest"/>
  <testcase name="testUpdate" time="0.023" classname="ReviewAndInformation.Respository.directorRepoTest"/>
  <testcase name="testDelete" time="0.020" classname="ReviewAndInformation.Respository.directorRepoTest"/>
</testsuite> <!-- ReviewAndInformation.Respository.directorRepoTest -->
