<?xml version="1.0" encoding="UTF-8"?>
<!-- Generated by org.testng.reporters.JUnitReportReporter -->
<testsuite hostname="student-virtual-machine" name="ReviewAndInformation.Respository.dangerPlacesRepoTest" tests="4" failures="0" timestamp="21 May 2015 00:12:39 GMT" time="0.060" errors="0">
  <testcase name="testDelete" time="0.025" classname="ReviewAndInformation.Respository.dangerPlacesRepoTest"/>
  <testcase name="testRead" time="0.006" classname="ReviewAndInformation.Respository.dangerPlacesRepoTest"/>
  <testcase name="testCreate" time="0.010" classname="ReviewAndInformation.Respository.dangerPlacesRepoTest"/>
  <testcase name="testUpdate" time="0.019" classname="ReviewAndInformation.Respository.dangerPlacesRepoTest"/>
</testsuite> <!-- ReviewAndInformation.Respository.dangerPlacesRepoTest -->
