<?xml version="1.0" encoding="UTF-8"?>
<!-- Generated by org.testng.reporters.JUnitReportReporter -->
<testsuite hostname="student-virtual-machine" name="ReviewAndInformation.Respository.musicTypeRepoTest" tests="4" failures="0" timestamp="21 May 2015 00:12:39 GMT" time="0.119" errors="0">
  <testcase name="testCreate" time="0.072" classname="ReviewAndInformation.Respository.musicTypeRepoTest"/>
  <testcase name="testUpdate" time="0.016" classname="ReviewAndInformation.Respository.musicTypeRepoTest"/>
  <testcase name="testRead" time="0.005" classname="ReviewAndInformation.Respository.musicTypeRepoTest"/>
  <testcase name="testDelete" time="0.026" classname="ReviewAndInformation.Respository.musicTypeRepoTest"/>
</testsuite> <!-- ReviewAndInformation.Respository.musicTypeRepoTest -->
