<?xml version="1.0" encoding="UTF-8"?>
<!-- Generated by org.testng.reporters.JUnitReportReporter -->
<testsuite hostname="student-virtual-machine" name="ReviewAndInformation.AppTest" tests="1" failures="0" timestamp="21 May 2015 00:12:39 GMT" time="0.011" errors="0">
  <testcase name="testApp" time="0.011" classname="ReviewAndInformation.AppTest"/>
</testsuite> <!-- ReviewAndInformation.AppTest -->
